f:\c++ winform\source\repos\music player\music player\x64\release\music player.pch
f:\c++ winform\source\repos\music player\music player\x64\release\vc143.pdb
f:\c++ winform\source\repos\music player\music player\x64\release\pch.obj
f:\c++ winform\source\repos\music player\music player\x64\release\music_player.obj
f:\c++ winform\source\repos\music player\music player\x64\release\form1.obj
f:\c++ winform\source\repos\music player\music player\x64\release\cppclr_winformsproject.obj
f:\c++ winform\source\repos\music player\music player\x64\release\assemblyinfo.obj
f:\c++ winform\source\repos\music player\music player\x64\release\.netframework,version=v4.7.2.assemblyattributes.obj
f:\c++ winform\source\repos\music player\x64\release\music player.exe
f:\c++ winform\source\repos\music player\x64\release\music player.pdb
f:\c++ winform\source\repos\music player\music player\x64\release\app.res
f:\c++ winform\source\repos\music player\music player\x64\release\music player.tlog\cl.command.1.tlog
f:\c++ winform\source\repos\music player\music player\x64\release\music player.tlog\cl.items.tlog
f:\c++ winform\source\repos\music player\music player\x64\release\music player.tlog\cl.read.1.tlog
f:\c++ winform\source\repos\music player\music player\x64\release\music player.tlog\cl.write.1.tlog
f:\c++ winform\source\repos\music player\music player\x64\release\music player.tlog\link.command.1.tlog
f:\c++ winform\source\repos\music player\music player\x64\release\music player.tlog\link.read.1.tlog
f:\c++ winform\source\repos\music player\music player\x64\release\music player.tlog\link.secondary.1.tlog
f:\c++ winform\source\repos\music player\music player\x64\release\music player.tlog\link.write.1.tlog
f:\c++ winform\source\repos\music player\music player\x64\release\music player.tlog\metagen.read.1.tlog
f:\c++ winform\source\repos\music player\music player\x64\release\music player.tlog\metagen.write.1.tlog
f:\c++ winform\source\repos\music player\music player\x64\release\music player.tlog\rc.command.1.tlog
f:\c++ winform\source\repos\music player\music player\x64\release\music player.tlog\rc.read.1.tlog
f:\c++ winform\source\repos\music player\music player\x64\release\music player.tlog\rc.write.1.tlog
f:\c++ winform\source\repos\music player\music player\x64\release\music player.tlog\resgen.command.1.tlog
f:\c++ winform\source\repos\music player\music player\x64\release\music player.tlog\resgen.read.1.tlog
f:\c++ winform\source\repos\music player\music player\x64\release\music player.tlog\resgen.write.1.tlog
